applyChangesToCard() called
Backup created
Modified SQL query to include reason_rejet_cheque
File updated
applyChangesToCard() called
Backup created
Modified SQL query to include reason_rejet_cheque
File updated
applyChangesToCard() called
Backup created
Updated reject_check block
Modified SQL query to include reason_rejet_cheque
File updated
applyChangesToCard() called
Backup created
Updated reject_check block
Modified SQL query to include reason_rejet_cheque
File updated
applyChangesToCard() called
Backup created
Updated reject_check block
Modified SQL query to include reason_rejet_cheque
File updated
applyChangesToCard() called
Backup created
Updated reject_check block
Modified SQL query to include reason_rejet_cheque
File updated
